<?xml version="1.0" encoding="UTF-8" ?>
<testsuite tests="2" failures="2" name="TestSuite" time="35.534" errors="0" skipped="0">
  <properties>
    <property name="java.runtime.name" value="Java(TM) SE Runtime Environment"/>
    <property name="sun.boot.library.path" value="/Library/Java/JavaVirtualMachines/jdk1.8.0_111.jdk/Contents/Home/jre/lib"/>
    <property name="java.vm.version" value="25.111-b14"/>
    <property name="user.country.format" value="UA"/>
    <property name="gopherProxySet" value="false"/>
    <property name="java.vm.vendor" value="Oracle Corporation"/>
    <property name="maven.multiModuleProjectDirectory" value="/Users/true/projects/trueautomation-mobile"/>
    <property name="java.vendor.url" value="http://java.oracle.com/"/>
    <property name="path.separator" value=":"/>
    <property name="guice.disable.misplaced.annotation.check" value="true"/>
    <property name="java.vm.name" value="Java HotSpot(TM) 64-Bit Server VM"/>
    <property name="file.encoding.pkg" value="sun.io"/>
    <property name="user.country" value="US"/>
    <property name="sun.java.launcher" value="SUN_STANDARD"/>
    <property name="sun.os.patch.level" value="unknown"/>
    <property name="java.vm.specification.name" value="Java Virtual Machine Specification"/>
    <property name="user.dir" value="/Users/true/projects/trueautomation-mobile"/>
    <property name="java.runtime.version" value="1.8.0_111-b14"/>
    <property name="java.awt.graphicsenv" value="sun.awt.CGraphicsEnvironment"/>
    <property name="java.endorsed.dirs" value="/Library/Java/JavaVirtualMachines/jdk1.8.0_111.jdk/Contents/Home/jre/lib/endorsed"/>
    <property name="os.arch" value="x86_64"/>
    <property name="java.io.tmpdir" value="/var/folders/h_/pvcns8sj7sj5v8df934tz8dm0000gq/T/"/>
    <property name="line.separator" value="
"/>
    <property name="java.vm.specification.vendor" value="Oracle Corporation"/>
    <property name="os.name" value="Mac OS X"/>
    <property name="classworlds.conf" value="/Users/true/selenium/maven/bin/m2.conf"/>
    <property name="sun.jnu.encoding" value="UTF-8"/>
    <property name="java.library.path" value="/Users/true/Library/Java/Extensions:/Library/Java/Extensions:/Network/Library/Java/Extensions:/System/Library/Java/Extensions:/usr/lib/java:."/>
    <property name="maven.conf" value="/Users/true/selenium/maven/conf"/>
    <property name="java.specification.name" value="Java Platform API Specification"/>
    <property name="java.class.version" value="52.0"/>
    <property name="sun.management.compiler" value="HotSpot 64-Bit Tiered Compilers"/>
    <property name="os.version" value="10.14"/>
    <property name="library.jansi.path" value="/Users/true/selenium/maven/lib/jansi-native"/>
    <property name="http.nonProxyHosts" value="local|*.local|169.254/16|*.169.254/16"/>
    <property name="user.home" value="/Users/true"/>
    <property name="user.timezone" value="Europe/Kiev"/>
    <property name="java.awt.printerjob" value="sun.lwawt.macosx.CPrinterJob"/>
    <property name="java.specification.version" value="1.8"/>
    <property name="file.encoding" value="UTF-8"/>
    <property name="user.name" value="true"/>
    <property name="java.class.path" value="/Users/true/selenium/maven/boot/plexus-classworlds-2.5.2.jar"/>
    <property name="java.vm.specification.version" value="1.8"/>
    <property name="sun.arch.data.model" value="64"/>
    <property name="java.home" value="/Library/Java/JavaVirtualMachines/jdk1.8.0_111.jdk/Contents/Home/jre"/>
    <property name="sun.java.command" value="org.codehaus.plexus.classworlds.launcher.Launcher test"/>
    <property name="java.specification.vendor" value="Oracle Corporation"/>
    <property name="user.language" value="en"/>
    <property name="awt.toolkit" value="sun.lwawt.macosx.LWCToolkit"/>
    <property name="java.vm.info" value="mixed mode"/>
    <property name="java.version" value="1.8.0_111"/>
    <property name="java.ext.dirs" value="/Users/true/Library/Java/Extensions:/Library/Java/JavaVirtualMachines/jdk1.8.0_111.jdk/Contents/Home/jre/lib/ext:/Library/Java/Extensions:/Network/Library/Java/Extensions:/System/Library/Java/Extensions:/usr/lib/java"/>
    <property name="sun.boot.class.path" value="/Library/Java/JavaVirtualMachines/jdk1.8.0_111.jdk/Contents/Home/jre/lib/resources.jar:/Library/Java/JavaVirtualMachines/jdk1.8.0_111.jdk/Contents/Home/jre/lib/rt.jar:/Library/Java/JavaVirtualMachines/jdk1.8.0_111.jdk/Contents/Home/jre/lib/sunrsasign.jar:/Library/Java/JavaVirtualMachines/jdk1.8.0_111.jdk/Contents/Home/jre/lib/jsse.jar:/Library/Java/JavaVirtualMachines/jdk1.8.0_111.jdk/Contents/Home/jre/lib/jce.jar:/Library/Java/JavaVirtualMachines/jdk1.8.0_111.jdk/Contents/Home/jre/lib/charsets.jar:/Library/Java/JavaVirtualMachines/jdk1.8.0_111.jdk/Contents/Home/jre/lib/jfr.jar:/Library/Java/JavaVirtualMachines/jdk1.8.0_111.jdk/Contents/Home/jre/classes"/>
    <property name="java.vendor" value="Oracle Corporation"/>
    <property name="maven.home" value="/Users/true/selenium/maven"/>
    <property name="file.separator" value="/"/>
    <property name="java.vendor.url.bug" value="http://bugreport.sun.com/bugreport/"/>
    <property name="sun.cpu.endian" value="little"/>
    <property name="sun.io.unicode.encoding" value="UnicodeBig"/>
    <property name="socksNonProxyHosts" value="local|*.local|169.254/16|*.169.254/16"/>
    <property name="ftp.nonProxyHosts" value="local|*.local|169.254/16|*.169.254/16"/>
    <property name="sun.cpu.isalist" value=""/>
  </properties>
  <testcase classname="iPhoneChromeEmulatorTest" name="clickCategoryFromHome" time="18.981">
    <failure message="no such element: Unable to locate element: {&quot;method&quot;:&quot;xpath&quot;,&quot;selector&quot;:&quot;/*[1]/*[2]/*[2]/*[1]/*[3]/*[3]&quot;}
  (Session info: chrome=70.0.3538.77)
  (Driver info: chromedriver=2.43.600229 (3fae4d0cda5334b4f533bede5a4787f7b832d052),platform=Mac OS X 10.14.0 x86_64) (WARNING: The server did not provide any stacktrace information)
Command duration or timeout: 0 milliseconds
For documentation on this error, please visit: http://seleniumhq.org/exceptions/no_such_element.html
Build info: version: &apos;3.11.0&apos;, revision: &apos;e59cfb3&apos;, time: &apos;2018-03-11T20:26:55.152Z&apos;
System info: host: &apos;MacBook-Pro-mac.local&apos;, ip: &apos;192.168.88.135&apos;, os.name: &apos;Mac OS X&apos;, os.arch: &apos;x86_64&apos;, os.version: &apos;10.14&apos;, java.version: &apos;1.8.0_111&apos;
Driver info: io.trueautomation.client.driver.TrueAutomationDriver
Capabilities {acceptInsecureCerts: false, acceptSslCerts: false, applicationCacheEnabled: false, browserConnectionEnabled: false, browserName: chrome, chrome: {chromedriverVersion: 2.43.600229 (3fae4d0cda5334..., userDataDir: /var/folders/h_/pvcns8sj7sj...}, cssSelectorsEnabled: true, databaseEnabled: false, goog:chromeOptions: {debuggerAddress: localhost:63172}, handlesAlerts: true, hasTouchScreen: true, javascriptEnabled: true, locationContextEnabled: true, mobileEmulationEnabled: true, nativeEvents: true, networkConnectionEnabled: false, pageLoadStrategy: normal, platform: MAC, platformName: MAC, rotatable: false, setWindowRect: true, takesHeapSnapshot: true, takesScreenshot: true, unexpectedAlertBehaviour: , unhandledPromptBehavior: , version: 70.0.3538.77, webStorageEnabled: true}
Session ID: 054dc9bd985513ce30d36f968a40171c
*** Element info: {Using=xpath, value=//div[@data-page=&apos;Subcategory&apos;]__ta__taCategoryPage__ta__}" type="org.openqa.selenium.NoSuchElementException">org.openqa.selenium.NoSuchElementException: no such element: Unable to locate element: {&quot;method&quot;:&quot;xpath&quot;,&quot;selector&quot;:&quot;/*[1]/*[2]/*[2]/*[1]/*[3]/*[3]&quot;}
  (Session info: chrome=70.0.3538.77)
  (Driver info: chromedriver=2.43.600229 (3fae4d0cda5334b4f533bede5a4787f7b832d052),platform=Mac OS X 10.14.0 x86_64) (WARNING: The server did not provide any stacktrace information)
Command duration or timeout: 0 milliseconds
For documentation on this error, please visit: http://seleniumhq.org/exceptions/no_such_element.html
Build info: version: &apos;3.11.0&apos;, revision: &apos;e59cfb3&apos;, time: &apos;2018-03-11T20:26:55.152Z&apos;
System info: host: &apos;MacBook-Pro-mac.local&apos;, ip: &apos;192.168.88.135&apos;, os.name: &apos;Mac OS X&apos;, os.arch: &apos;x86_64&apos;, os.version: &apos;10.14&apos;, java.version: &apos;1.8.0_111&apos;
Driver info: io.trueautomation.client.driver.TrueAutomationDriver
Capabilities {acceptInsecureCerts: false, acceptSslCerts: false, applicationCacheEnabled: false, browserConnectionEnabled: false, browserName: chrome, chrome: {chromedriverVersion: 2.43.600229 (3fae4d0cda5334..., userDataDir: /var/folders/h_/pvcns8sj7sj...}, cssSelectorsEnabled: true, databaseEnabled: false, goog:chromeOptions: {debuggerAddress: localhost:63172}, handlesAlerts: true, hasTouchScreen: true, javascriptEnabled: true, locationContextEnabled: true, mobileEmulationEnabled: true, nativeEvents: true, networkConnectionEnabled: false, pageLoadStrategy: normal, platform: MAC, platformName: MAC, rotatable: false, setWindowRect: true, takesHeapSnapshot: true, takesScreenshot: true, unexpectedAlertBehaviour: , unhandledPromptBehavior: , version: 70.0.3538.77, webStorageEnabled: true}
Session ID: 054dc9bd985513ce30d36f968a40171c
*** Element info: {Using=xpath, value=//div[@data-page=&apos;Subcategory&apos;]__ta__taCategoryPage__ta__}
	at sun.reflect.NativeConstructorAccessorImpl.newInstance0(Native Method)
	at sun.reflect.NativeConstructorAccessorImpl.newInstance(NativeConstructorAccessorImpl.java:62)
	at sun.reflect.DelegatingConstructorAccessorImpl.newInstance(DelegatingConstructorAccessorImpl.java:45)
	at java.lang.reflect.Constructor.newInstance(Constructor.java:423)
	at org.openqa.selenium.remote.ErrorHandler.createThrowable(ErrorHandler.java:214)
	at org.openqa.selenium.remote.ErrorHandler.throwIfResponseFailed(ErrorHandler.java:166)
	at org.openqa.selenium.remote.http.JsonHttpResponseCodec.reconstructValue(JsonHttpResponseCodec.java:40)
	at org.openqa.selenium.remote.http.AbstractHttpResponseCodec.decode(AbstractHttpResponseCodec.java:80)
	at org.openqa.selenium.remote.http.AbstractHttpResponseCodec.decode(AbstractHttpResponseCodec.java:44)
	at org.openqa.selenium.remote.HttpCommandExecutor.execute(HttpCommandExecutor.java:158)
	at org.openqa.selenium.remote.service.DriverCommandExecutor.execute(DriverCommandExecutor.java:83)
	at org.openqa.selenium.remote.RemoteWebDriver.execute(RemoteWebDriver.java:545)
	at org.openqa.selenium.remote.RemoteWebDriver.findElement(RemoteWebDriver.java:319)
	at org.openqa.selenium.remote.RemoteWebDriver.findElementByXPath(RemoteWebDriver.java:421)
	at org.openqa.selenium.By$ByXPath.findElement(By.java:361)
	at org.openqa.selenium.remote.RemoteWebDriver.findElement(RemoteWebDriver.java:311)
	at iPhoneChromeEmulatorTest.clickCategoryFromHome(iPhoneChromeEmulatorTest.java:57)
</failure>
    <system-out>Configuring TestNG with: org.apache.maven.surefire.testng.conf.TestNG652Configurator@512ddf17
SubcategorySOUT
</system-out>
    <system-err>2018-10-31T10:31:31.215Z [&amp;#27;[32minfo&amp;#27;[39m] 	Starting TrueAutomation.IO client
2018-10-31T10:31:31.216Z [&amp;#27;[32minfo&amp;#27;[39m] 	API key: fd655195-5538-444f-9d49-a29721473490
2018-10-31T10:31:31.216Z [&amp;#27;[32minfo&amp;#27;[39m] 	Project name: trueautomation-mobile
2018-10-31T10:31:31.216Z [&amp;#27;[32minfo&amp;#27;[39m] 	Cloud server: https://app.trueautomation.io
2018-10-31T10:31:31.216Z [&amp;#27;[32minfo&amp;#27;[39m] 	Starting chromeDriver /Users/true/.trueautomation/chromedriver/chromedriver_mac64_2.43 on port 30489...
2018-10-31T10:31:31.768Z [&amp;#27;[32minfo&amp;#27;[39m] 	TrueAutomation.IO Client is listening on port 30488
2018-10-31T10:31:32.859Z [&amp;#27;[32minfo&amp;#27;[39m] 	0 Create session response: {&quot;sessionId&quot;:&quot;c3b605f9af8318234c28f4cc9de0e9a9&quot;,&quot;status&quot;:0,&quot;value&quot;:{&quot;acceptInsecureCerts&quot;:false,&quot;acceptSslCerts&quot;:false,&quot;applicationCacheEnabled&quot;:false,&quot;browserConnectionEnabled&quot;:false,&quot;browserName&quot;:&quot;chrome&quot;,&quot;chrome&quot;:{&quot;chromedriverVersion&quot;:&quot;2.43.600229 (3fae4d0cda5334b4f533bede5a4787f7b832d052)&quot;,&quot;userDataDir&quot;:&quot;/var/folders/h_/pvcns8sj7sj5v8df934tz8dm0000gq/T/.org.chromium.Chromium.ZXnlI1&quot;},&quot;cssSelectorsEnabled&quot;:true,&quot;databaseEnabled&quot;:false,&quot;goog:chromeOptions&quot;:{&quot;debuggerAddress&quot;:&quot;localhost:63136&quot;},&quot;handlesAlerts&quot;:true,&quot;hasTouchScreen&quot;:true,&quot;javascriptEnabled&quot;:true,&quot;locationContextEnabled&quot;:true,&quot;mobileEmulationEnabled&quot;:true,&quot;nativeEvents&quot;:true,&quot;networkConnectionEnabled&quot;:false,&quot;pageLoadStrategy&quot;:&quot;normal&quot;,&quot;platform&quot;:&quot;Mac OS X&quot;,&quot;rotatable&quot;:false,&quot;setWindowRect&quot;:true,&quot;takesHeapSnapshot&quot;:true,&quot;takesScreenshot&quot;:true,&quot;unexpectedAlertBehaviour&quot;:&quot;&quot;,&quot;version&quot;:&quot;70.0.3538.77&quot;,&quot;webStorageEnabled&quot;:true}}
Oct 31, 2018 12:31:32 PM org.openqa.selenium.remote.ProtocolHandshake createSession
INFO: Detected dialect: OSS
2018-10-31T10:31:33.920Z [&amp;#27;[32minfo&amp;#27;[39m] 	Starting TrueAutomation.IO client
2018-10-31T10:31:33.921Z [&amp;#27;[32minfo&amp;#27;[39m] 	API key: fd655195-5538-444f-9d49-a29721473490
2018-10-31T10:31:33.921Z [&amp;#27;[32minfo&amp;#27;[39m] 	Project name: trueautomation-mobile
2018-10-31T10:31:33.921Z [&amp;#27;[32minfo&amp;#27;[39m] 	Cloud server: https://app.trueautomation.io
2018-10-31T10:31:33.921Z [&amp;#27;[32minfo&amp;#27;[39m] 	Starting chromeDriver /Users/true/.trueautomation/chromedriver/chromedriver_mac64_2.43 on port 7557...
2018-10-31T10:31:34.372Z [&amp;#27;[32minfo&amp;#27;[39m] 	TrueAutomation.IO Client is listening on port 7556
2018-10-31T10:31:35.352Z [&amp;#27;[32minfo&amp;#27;[39m] 	0 Create session response: {&quot;sessionId&quot;:&quot;054dc9bd985513ce30d36f968a40171c&quot;,&quot;status&quot;:0,&quot;value&quot;:{&quot;acceptInsecureCerts&quot;:false,&quot;acceptSslCerts&quot;:false,&quot;applicationCacheEnabled&quot;:false,&quot;browserConnectionEnabled&quot;:false,&quot;browserName&quot;:&quot;chrome&quot;,&quot;chrome&quot;:{&quot;chromedriverVersion&quot;:&quot;2.43.600229 (3fae4d0cda5334b4f533bede5a4787f7b832d052)&quot;,&quot;userDataDir&quot;:&quot;/var/folders/h_/pvcns8sj7sj5v8df934tz8dm0000gq/T/.org.chromium.Chromium.QcI1c8&quot;},&quot;cssSelectorsEnabled&quot;:true,&quot;databaseEnabled&quot;:false,&quot;goog:chromeOptions&quot;:{&quot;debuggerAddress&quot;:&quot;localhost:63172&quot;},&quot;handlesAlerts&quot;:true,&quot;hasTouchScreen&quot;:true,&quot;javascriptEnabled&quot;:true,&quot;locationContextEnabled&quot;:true,&quot;mobileEmulationEnabled&quot;:true,&quot;nativeEvents&quot;:true,&quot;networkConnectionEnabled&quot;:false,&quot;pageLoadStrategy&quot;:&quot;normal&quot;,&quot;platform&quot;:&quot;Mac OS X&quot;,&quot;rotatable&quot;:false,&quot;setWindowRect&quot;:true,&quot;takesHeapSnapshot&quot;:true,&quot;takesScreenshot&quot;:true,&quot;unexpectedAlertBehaviour&quot;:&quot;&quot;,&quot;version&quot;:&quot;70.0.3538.77&quot;,&quot;webStorageEnabled&quot;:true}}
Oct 31, 2018 12:31:35 PM org.openqa.selenium.remote.ProtocolHandshake createSession
INFO: Detected dialect: OSS
2018-10-31T10:31:35.396Z [&amp;#27;[32minfo&amp;#27;[39m] 	1 Sending POST request to http://localhost:7557/session/054dc9bd985513ce30d36f968a40171c/url:  {&quot;url&quot;:&quot;http://annieselke.com&quot;}
2018-10-31T10:31:42.761Z [&amp;#27;[32minfo&amp;#27;[39m] 	2 Sending POST request to http://localhost:7557/session/054dc9bd985513ce30d36f968a40171c/timeouts:  {&quot;type&quot;:&quot;implicit&quot;,&quot;ms&quot;:10000}
2018-10-31T10:31:42.773Z [&amp;#27;[32minfo&amp;#27;[39m] 	3 Sending elements request to http://localhost:7557/session/054dc9bd985513ce30d36f968a40171c:  {&quot;using&quot;:&quot;xpath&quot;,&quot;value&quot;:&quot;//button//span//a[contains(text(),&apos;Rugs&apos;)]__ta__taCategory__ta__&quot;}
2018-10-31T10:31:43.110Z [&amp;#27;[32minfo&amp;#27;[39m] 	3 Enum nodes response:  {&quot;sessionId&quot;:&quot;054dc9bd985513ce30d36f968a
2018-10-31T10:31:43.280Z [&amp;#27;[32minfo&amp;#27;[39m] 	3 Element locator: {&quot;value&quot;:&quot;/*[1]/*[2]/*[2]/*[1]/*[2]/*[1]/*[2]/*[2]/*[1]/*[1]/*[1]/*[1]/*[1]/*[1]&quot;,&quot;using&quot;:&quot;xpath&quot;}
2018-10-31T10:31:43.299Z [&amp;#27;[32minfo&amp;#27;[39m] 	Element response: {&quot;sessionId&quot;:&quot;054dc9bd985513ce30d36f968a40171c&quot;,&quot;status&quot;:0,&quot;value&quot;:{&quot;ELEMENT&quot;:&quot;0.13146517936825108-1&quot;}}
2018-10-31T10:31:43.306Z [&amp;#27;[32minfo&amp;#27;[39m] 	4 Sending POST request to http://localhost:7557/session/054dc9bd985513ce30d36f968a40171c/execute:  {&quot;script&quot;:&quot;arguments[0].click();&quot;,&quot;args&quot;:[{&quot;ELEMENT&quot;:&quot;0.13146517936825108-1&quot;,&quot;element-6066-11e4-a52e-4f735466cecf&quot;:&quot;0.13146517936825108-1&quot;}]}
2018-10-31T10:31:43.391Z [&amp;#27;[32minfo&amp;#27;[39m] 	5 Sending POST request to http://localhost:7557/session/054dc9bd985513ce30d36f968a40171c/timeouts:  {&quot;type&quot;:&quot;page load&quot;,&quot;ms&quot;:10000}
2018-10-31T10:31:43.398Z [&amp;#27;[32minfo&amp;#27;[39m] 	6 Sending elements request to http://localhost:7557/session/054dc9bd985513ce30d36f968a40171c:  {&quot;using&quot;:&quot;xpath&quot;,&quot;value&quot;:&quot;//div[@data-page=&apos;Subcategory&apos;]__ta__taCategoryPage__ta__&quot;}
2018-10-31T10:31:43.558Z [&amp;#27;[32minfo&amp;#27;[39m] 	6 Enum nodes response:  {&quot;sessionId&quot;:&quot;054dc9bd985513ce30d36f968a
2018-10-31T10:31:43.774Z [&amp;#27;[32minfo&amp;#27;[39m] 	6 Element locator: {&quot;value&quot;:&quot;/*[1]/*[2]/*[2]/*[1]/*[3]/*[3]&quot;,&quot;using&quot;:&quot;xpath&quot;}
2018-10-31T10:31:43.810Z [&amp;#27;[32minfo&amp;#27;[39m] 	Element response: {&quot;sessionId&quot;:&quot;054dc9bd985513ce30d36f968a40171c&quot;,&quot;status&quot;:0,&quot;value&quot;:{&quot;ELEMENT&quot;:&quot;0.13146517936825108-2&quot;}}
2018-10-31T10:31:43.815Z [&amp;#27;[32minfo&amp;#27;[39m] 	7 Sending GET request to http://localhost:7557/session/054dc9bd985513ce30d36f968a40171c/element/0.13146517936825108-2/attribute/data-page:  {}
2018-10-31T10:31:43.832Z [&amp;#27;[32minfo&amp;#27;[39m] 	8 Sending elements request to http://localhost:7557/session/054dc9bd985513ce30d36f968a40171c:  {&quot;using&quot;:&quot;xpath&quot;,&quot;value&quot;:&quot;//div[@data-page=&apos;Subcategory&apos;]__ta__taCategoryPage__ta__&quot;}
2018-10-31T10:31:44.087Z [&amp;#27;[32minfo&amp;#27;[39m] 	8 Enum nodes response:  {&quot;sessionId&quot;:&quot;054dc9bd985513ce30d36f968a
2018-10-31T10:31:44.291Z [&amp;#27;[32minfo&amp;#27;[39m] 	8 Element locator: {&quot;value&quot;:&quot;/*[1]/*[2]/*[2]/*[1]/*[3]/*[3]&quot;,&quot;using&quot;:&quot;xpath&quot;}
2018-10-31T10:31:54.352Z [&amp;#27;[32minfo&amp;#27;[39m] 	Element response: {&quot;sessionId&quot;:&quot;054dc9bd985513ce30d36f968a40171c&quot;,&quot;status&quot;:7,&quot;value&quot;:{&quot;message&quot;:&quot;no such element: Unable to locate element: {\&quot;method\&quot;:\&quot;xpath\&quot;,\&quot;selector\&quot;:\&quot;/*[1]/*[2]/*[2]/*[1]/*[3]/*[3]\&quot;}\n  (Session info: chrome=70.0.3538.77)\n  (Driver info: chromedriver=2.43.600229 (3fae4d0cda5334b4f533bede5a4787f7b832d052),platform=Mac OS X 10.14.0 x86_64)&quot;}}
</system-err>
  </testcase>
  <testcase classname="AndroidChromeEmulatorTest" name="clickCategoryFromHome" time="16.553">
    <failure message="no such element: Unable to locate element: {&quot;method&quot;:&quot;xpath&quot;,&quot;selector&quot;:&quot;/*[1]/*[2]/*[2]/*[1]/*[3]/*[3]&quot;}
  (Session info: chrome=70.0.3538.77)
  (Driver info: chromedriver=2.43.600229 (3fae4d0cda5334b4f533bede5a4787f7b832d052),platform=Mac OS X 10.14.0 x86_64) (WARNING: The server did not provide any stacktrace information)
Command duration or timeout: 0 milliseconds
For documentation on this error, please visit: http://seleniumhq.org/exceptions/no_such_element.html
Build info: version: &apos;3.11.0&apos;, revision: &apos;e59cfb3&apos;, time: &apos;2018-03-11T20:26:55.152Z&apos;
System info: host: &apos;MacBook-Pro-mac.local&apos;, ip: &apos;192.168.88.135&apos;, os.name: &apos;Mac OS X&apos;, os.arch: &apos;x86_64&apos;, os.version: &apos;10.14&apos;, java.version: &apos;1.8.0_111&apos;
Driver info: io.trueautomation.client.driver.TrueAutomationDriver
Capabilities {acceptInsecureCerts: false, acceptSslCerts: false, applicationCacheEnabled: false, browserConnectionEnabled: false, browserName: chrome, chrome: {chromedriverVersion: 2.43.600229 (3fae4d0cda5334..., userDataDir: /var/folders/h_/pvcns8sj7sj...}, cssSelectorsEnabled: true, databaseEnabled: false, goog:chromeOptions: {debuggerAddress: localhost:63136}, handlesAlerts: true, hasTouchScreen: true, javascriptEnabled: true, locationContextEnabled: true, mobileEmulationEnabled: true, nativeEvents: true, networkConnectionEnabled: false, pageLoadStrategy: normal, platform: MAC, platformName: MAC, rotatable: false, setWindowRect: true, takesHeapSnapshot: true, takesScreenshot: true, unexpectedAlertBehaviour: , unhandledPromptBehavior: , version: 70.0.3538.77, webStorageEnabled: true}
Session ID: c3b605f9af8318234c28f4cc9de0e9a9
*** Element info: {Using=xpath, value=//div[@data-page=&apos;Subcategory&apos;]__ta__taCategoryPage__ta__}" type="org.openqa.selenium.NoSuchElementException">org.openqa.selenium.NoSuchElementException: no such element: Unable to locate element: {&quot;method&quot;:&quot;xpath&quot;,&quot;selector&quot;:&quot;/*[1]/*[2]/*[2]/*[1]/*[3]/*[3]&quot;}
  (Session info: chrome=70.0.3538.77)
  (Driver info: chromedriver=2.43.600229 (3fae4d0cda5334b4f533bede5a4787f7b832d052),platform=Mac OS X 10.14.0 x86_64) (WARNING: The server did not provide any stacktrace information)
Command duration or timeout: 0 milliseconds
For documentation on this error, please visit: http://seleniumhq.org/exceptions/no_such_element.html
Build info: version: &apos;3.11.0&apos;, revision: &apos;e59cfb3&apos;, time: &apos;2018-03-11T20:26:55.152Z&apos;
System info: host: &apos;MacBook-Pro-mac.local&apos;, ip: &apos;192.168.88.135&apos;, os.name: &apos;Mac OS X&apos;, os.arch: &apos;x86_64&apos;, os.version: &apos;10.14&apos;, java.version: &apos;1.8.0_111&apos;
Driver info: io.trueautomation.client.driver.TrueAutomationDriver
Capabilities {acceptInsecureCerts: false, acceptSslCerts: false, applicationCacheEnabled: false, browserConnectionEnabled: false, browserName: chrome, chrome: {chromedriverVersion: 2.43.600229 (3fae4d0cda5334..., userDataDir: /var/folders/h_/pvcns8sj7sj...}, cssSelectorsEnabled: true, databaseEnabled: false, goog:chromeOptions: {debuggerAddress: localhost:63136}, handlesAlerts: true, hasTouchScreen: true, javascriptEnabled: true, locationContextEnabled: true, mobileEmulationEnabled: true, nativeEvents: true, networkConnectionEnabled: false, pageLoadStrategy: normal, platform: MAC, platformName: MAC, rotatable: false, setWindowRect: true, takesHeapSnapshot: true, takesScreenshot: true, unexpectedAlertBehaviour: , unhandledPromptBehavior: , version: 70.0.3538.77, webStorageEnabled: true}
Session ID: c3b605f9af8318234c28f4cc9de0e9a9
*** Element info: {Using=xpath, value=//div[@data-page=&apos;Subcategory&apos;]__ta__taCategoryPage__ta__}
	at sun.reflect.NativeConstructorAccessorImpl.newInstance0(Native Method)
	at sun.reflect.NativeConstructorAccessorImpl.newInstance(NativeConstructorAccessorImpl.java:62)
	at sun.reflect.DelegatingConstructorAccessorImpl.newInstance(DelegatingConstructorAccessorImpl.java:45)
	at java.lang.reflect.Constructor.newInstance(Constructor.java:423)
	at org.openqa.selenium.remote.ErrorHandler.createThrowable(ErrorHandler.java:214)
	at org.openqa.selenium.remote.ErrorHandler.throwIfResponseFailed(ErrorHandler.java:166)
	at org.openqa.selenium.remote.http.JsonHttpResponseCodec.reconstructValue(JsonHttpResponseCodec.java:40)
	at org.openqa.selenium.remote.http.AbstractHttpResponseCodec.decode(AbstractHttpResponseCodec.java:80)
	at org.openqa.selenium.remote.http.AbstractHttpResponseCodec.decode(AbstractHttpResponseCodec.java:44)
	at org.openqa.selenium.remote.HttpCommandExecutor.execute(HttpCommandExecutor.java:158)
	at org.openqa.selenium.remote.service.DriverCommandExecutor.execute(DriverCommandExecutor.java:83)
	at org.openqa.selenium.remote.RemoteWebDriver.execute(RemoteWebDriver.java:545)
	at org.openqa.selenium.remote.RemoteWebDriver.findElement(RemoteWebDriver.java:319)
	at org.openqa.selenium.remote.RemoteWebDriver.findElementByXPath(RemoteWebDriver.java:421)
	at org.openqa.selenium.By$ByXPath.findElement(By.java:361)
	at org.openqa.selenium.remote.RemoteWebDriver.findElement(RemoteWebDriver.java:311)
	at AndroidChromeEmulatorTest.clickCategoryFromHome(AndroidChromeEmulatorTest.java:54)
</failure>
    <system-err>2018-10-31T10:31:54.376Z [&amp;#27;[32minfo&amp;#27;[39m] 	1 Sending POST request to http://localhost:30489/session/c3b605f9af8318234c28f4cc9de0e9a9/url:  {&quot;url&quot;:&quot;http://annieselke.com&quot;}
2018-10-31T10:31:59.658Z [&amp;#27;[32minfo&amp;#27;[39m] 	2 Sending POST request to http://localhost:30489/session/c3b605f9af8318234c28f4cc9de0e9a9/timeouts:  {&quot;type&quot;:&quot;implicit&quot;,&quot;ms&quot;:10000}
2018-10-31T10:31:59.667Z [&amp;#27;[32minfo&amp;#27;[39m] 	3 Sending elements request to http://localhost:30489/session/c3b605f9af8318234c28f4cc9de0e9a9:  {&quot;using&quot;:&quot;xpath&quot;,&quot;value&quot;:&quot;//button//span//a[contains(text(),&apos;Rugs&apos;)]__ta__taCategory__ta__&quot;}
2018-10-31T10:32:00.092Z [&amp;#27;[32minfo&amp;#27;[39m] 	3 Enum nodes response:  {&quot;sessionId&quot;:&quot;c3b605f9af8318234c28f4cc9d
2018-10-31T10:32:00.261Z [&amp;#27;[32minfo&amp;#27;[39m] 	3 Element locator: {&quot;value&quot;:&quot;/*[1]/*[2]/*[2]/*[1]/*[2]/*[1]/*[2]/*[2]/*[1]/*[1]/*[1]/*[1]/*[1]/*[1]&quot;,&quot;using&quot;:&quot;xpath&quot;}
2018-10-31T10:32:00.280Z [&amp;#27;[32minfo&amp;#27;[39m] 	Element response: {&quot;sessionId&quot;:&quot;c3b605f9af8318234c28f4cc9de0e9a9&quot;,&quot;status&quot;:0,&quot;value&quot;:{&quot;ELEMENT&quot;:&quot;0.48729261108246047-1&quot;}}
2018-10-31T10:32:00.284Z [&amp;#27;[32minfo&amp;#27;[39m] 	4 Sending POST request to http://localhost:30489/session/c3b605f9af8318234c28f4cc9de0e9a9/execute:  {&quot;script&quot;:&quot;arguments[0].click();&quot;,&quot;args&quot;:[{&quot;ELEMENT&quot;:&quot;0.48729261108246047-1&quot;,&quot;element-6066-11e4-a52e-4f735466cecf&quot;:&quot;0.48729261108246047-1&quot;}]}
2018-10-31T10:32:00.375Z [&amp;#27;[32minfo&amp;#27;[39m] 	5 Sending POST request to http://localhost:30489/session/c3b605f9af8318234c28f4cc9de0e9a9/timeouts:  {&quot;type&quot;:&quot;page load&quot;,&quot;ms&quot;:10000}
2018-10-31T10:32:00.383Z [&amp;#27;[32minfo&amp;#27;[39m] 	6 Sending elements request to http://localhost:30489/session/c3b605f9af8318234c28f4cc9de0e9a9:  {&quot;using&quot;:&quot;xpath&quot;,&quot;value&quot;:&quot;//div[@data-page=&apos;Subcategory&apos;]__ta__taCategoryPage__ta__&quot;}
2018-10-31T10:32:00.543Z [&amp;#27;[32minfo&amp;#27;[39m] 	6 Enum nodes response:  {&quot;sessionId&quot;:&quot;c3b605f9af8318234c28f4cc9d
2018-10-31T10:32:00.762Z [&amp;#27;[32minfo&amp;#27;[39m] 	6 Element locator: {&quot;value&quot;:&quot;/*[1]/*[2]/*[2]/*[1]/*[3]/*[3]&quot;,&quot;using&quot;:&quot;xpath&quot;}
2018-10-31T10:32:10.926Z [&amp;#27;[32minfo&amp;#27;[39m] 	Element response: {&quot;sessionId&quot;:&quot;c3b605f9af8318234c28f4cc9de0e9a9&quot;,&quot;status&quot;:7,&quot;value&quot;:{&quot;message&quot;:&quot;no such element: Unable to locate element: {\&quot;method\&quot;:\&quot;xpath\&quot;,\&quot;selector\&quot;:\&quot;/*[1]/*[2]/*[2]/*[1]/*[3]/*[3]\&quot;}\n  (Session info: chrome=70.0.3538.77)\n  (Driver info: chromedriver=2.43.600229 (3fae4d0cda5334b4f533bede5a4787f7b832d052),platform=Mac OS X 10.14.0 x86_64)&quot;}}
</system-err>
  </testcase>
</testsuite>